<?xml version="1.0" encoding="UTF-8"?>
<testng-results ignored="0" total="1" passed="1" failed="0" skipped="0">
  <reporter-output>
  </reporter-output>
  <suite started-at="2021-02-04T17:42:15 IST" name="Default suite" finished-at="2021-02-04T17:46:56 IST" duration-ms="281603">
    <groups>
    </groups>
    <test started-at="2021-02-04T17:42:15 IST" name="Default test" finished-at="2021-02-04T17:46:56 IST" duration-ms="281603">
      <class name="DriverFactory.Apptest">
        <test-method signature="kickStart()[pri:0, instance:DriverFactory.Apptest@f0c8a99]" started-at="2021-02-04T17:42:15 IST" name="kickStart" finished-at="2021-02-04T17:46:56 IST" duration-ms="281458" status="PASS">
          <reporter-output>
          </reporter-output>
        </test-method> <!-- kickStart -->
      </class> <!-- DriverFactory.Apptest -->
    </test> <!-- Default test -->
  </suite> <!-- Default suite -->
</testng-results>
