<?xml version="1.0" encoding="UTF-8"?>
<testng-results skipped="0" failed="0" ignored="0" total="1" passed="1">
  <reporter-output>
  </reporter-output>
  <suite name="Default suite" duration-ms="50" started-at="2021-05-20T12:49:12 IST" finished-at="2021-05-20T12:49:12 IST">
    <groups>
    </groups>
    <test name="Default test" duration-ms="50" started-at="2021-05-20T12:49:12 IST" finished-at="2021-05-20T12:49:12 IST">
      <class name="DriverFactory.Apptest">
        <test-method status="PASS" signature="kickStart()[pri:0, instance:DriverFactory.Apptest@30a3107a]" name="kickStart" duration-ms="16" started-at="2021-05-20T12:49:12 IST" finished-at="2021-05-20T12:49:12 IST">
          <reporter-output>
          </reporter-output>
        </test-method> <!-- kickStart -->
      </class> <!-- DriverFactory.Apptest -->
    </test> <!-- Default test -->
  </suite> <!-- Default suite -->
</testng-results>
